 
****************************************
Report : area
Design : light_controller
Version: O-2018.06-SP1
Date   : Thu Oct 24 09:54:57 2024
****************************************

Library(s) Used:

    IBM_CMOS8HP_SS125 (File: /apps/design_kits/ibm_kits/IBM_IP/ibm_cmos8hp/std_cell/sc/v.20110613/synopsys/ss_125/IBM_CMOS8HP_SS125.db)

Number of ports:                           11
Number of nets:                           202
Number of cells:                          192
Number of combinational cells:            183
Number of sequential cells:                 9
Number of macros/black boxes:               0
Number of buf/inv:                        120
Number of references:                      45

Combinational area:               2016.000031
Buf/Inv area:                     1159.680023
Noncombinational area:             362.879997
Macro/Black Box area:                0.000000
Net Interconnect area:      undefined  (Wire load has zero net area)

Total cell area:                  2378.880028
Total area:                 undefined

Hierarchical area distribution
------------------------------

                                  Global cell area          Local cell area
                                  ------------------  ---------------------------- 
Hierarchical cell                 Absolute   Percent  Combi-     Noncombi-  Black-
                                  Total      Total    national   national   boxes   Design
--------------------------------  ---------  -------  ---------  ---------  ------  ---------
light_controller                  2378.8800    100.0  2016.0000   362.8800  0.0000  light_controller
--------------------------------  ---------  -------  ---------  ---------  ------  ---------
Total                                                 2016.0000   362.8800  0.0000

1
